<?xml version="1.0" encoding="UTF-8"?>
<testng-results ignored="10" total="16" passed="6" failed="0" skipped="0">
  <reporter-output>
  </reporter-output>
  <suite started-at="2021-08-17T03:08:11 EDT" name="SampleSuiteName" finished-at="2021-08-17T03:11:16 EDT" duration-ms="185168">
    <groups>
    </groups>
    <test started-at="2021-08-17T03:08:11 EDT" name="SampleTEstName1" finished-at="2021-08-17T03:11:16 EDT" duration-ms="185168">
      <class name="tests.AddSketch">
        <test-method signature="addSketch()[pri:0, instance:tests.AddSketch@6d2a209c]" started-at="2021-08-17T03:10:38 EDT" name="addSketch" finished-at="2021-08-17T03:10:54 EDT" duration-ms="15678" status="PASS">
          <reporter-output>
          </reporter-output>
        </test-method> <!-- addSketch -->
      </class> <!-- tests.AddSketch -->
      <class name="tests.CreateNote">
        <test-method is-config="true" signature="setup()[pri:0, instance:tests.CreateNote@159f197]" started-at="2021-08-17T03:08:11 EDT" name="setup" finished-at="2021-08-17T03:08:31 EDT" duration-ms="20166" status="PASS">
          <reporter-output>
          </reporter-output>
        </test-method> <!-- setup -->
        <test-method signature="newNote()[pri:0, instance:tests.CreateNote@159f197]" started-at="2021-08-17T03:08:31 EDT" name="newNote" finished-at="2021-08-17T03:08:41 EDT" duration-ms="10313" status="PASS">
          <reporter-output>
          </reporter-output>
        </test-method> <!-- newNote -->
        <test-method is-config="true" signature="teardown()[pri:0, instance:tests.CreateNote@159f197]" started-at="2021-08-17T03:11:21 EDT" name="teardown" finished-at="2021-08-17T03:11:26 EDT" duration-ms="5001" status="PASS">
          <reporter-output>
          </reporter-output>
        </test-method> <!-- teardown -->
      </class> <!-- tests.CreateNote -->
      <class name="tests.saveNoteAsPDF">
        <test-method signature="exportPdf()[pri:0, instance:tests.saveNoteAsPDF@75329a49]" started-at="2021-08-17T03:10:54 EDT" name="exportPdf" finished-at="2021-08-17T03:11:16 EDT" duration-ms="21857" status="PASS">
          <reporter-output>
          </reporter-output>
        </test-method> <!-- exportPdf -->
      </class> <!-- tests.saveNoteAsPDF -->
      <class name="tests.UpdateNote">
        <test-method signature="editNote()[pri:0, instance:tests.UpdateNote@48fa0f47]" started-at="2021-08-17T03:08:41 EDT" name="editNote" finished-at="2021-08-17T03:09:00 EDT" duration-ms="18553" status="PASS">
          <reporter-output>
          </reporter-output>
        </test-method> <!-- editNote -->
      </class> <!-- tests.UpdateNote -->
      <class name="tests.ArchiveNote">
        <test-method signature="ArchiveNote()[pri:0, instance:tests.ArchiveNote@6ac13091]" started-at="2021-08-17T03:09:00 EDT" name="ArchiveNote" finished-at="2021-08-17T03:09:26 EDT" duration-ms="25702" status="PASS">
          <reporter-output>
          </reporter-output>
        </test-method> <!-- ArchiveNote -->
      </class> <!-- tests.ArchiveNote -->
      <class name="tests.AddImages">
        <test-method signature="TestOtherFeatures()[pri:0, instance:tests.AddImages@5e316c74]" started-at="2021-08-17T03:09:26 EDT" name="TestOtherFeatures" finished-at="2021-08-17T03:10:38 EDT" duration-ms="72609" status="PASS">
          <reporter-output>
          </reporter-output>
        </test-method> <!-- TestOtherFeatures -->
      </class> <!-- tests.AddImages -->
    </test> <!-- SampleTEstName1 -->
  </suite> <!-- SampleSuiteName -->
</testng-results>
