<?xml version="1.0" encoding="UTF-8"?>
<!-- Generated by org.testng.reporters.JUnitXMLReporter -->
<testsuite ignored="2" hostname="Parths-MacBook-Pro.local" failures="0" tests="2" name="SampleTEstName1" time="31.676" errors="0" timestamp="2021-08-16T12:08:09 EDT">
  <testcase classname="tests.CreateNote" name="t1" time="8.478"/>
  <testcase classname="tests.UpdateNote" name="t2" time="4.783"/>
  <testcase classname="tests.BaseClass" name="@AfterSuite teardown" time="0.0">
    <ignored/>
  </testcase> <!-- @AfterSuite teardown -->
  <testcase classname="tests.BaseClass" name="@BeforeTest setup" time="0.0">
    <ignored/>
  </testcase> <!-- @BeforeTest setup -->
</testsuite> <!-- SampleTEstName1 -->
