<?xml version="1.0" encoding="UTF-8"?>
<!-- Generated by org.testng.reporters.JUnitXMLReporter -->
<testsuite ignored="4" hostname="Parths-MacBook-Pro.local" failures="0" tests="3" name="SampleTEstName2" time="15.748" errors="0" timestamp="2021-08-15T19:12:09 EDT">
  <testcase classname="tests.test1" name="t1" time="0.003"/>
  <testcase classname="tests.test2" name="t2" time="0.001"/>
  <testcase classname="tests.test3" name="t3" time="0.001"/>
  <testcase classname="tests.BaseClass" name="@AfterTest teardown" time="0.0">
    <ignored/>
  </testcase> <!-- @AfterTest teardown -->
  <testcase classname="tests.BaseClass" name="@AfterTest teardown" time="0.0">
    <ignored/>
  </testcase> <!-- @AfterTest teardown -->
  <testcase classname="tests.BaseClass" name="@BeforeTest setup" time="0.0">
    <ignored/>
  </testcase> <!-- @BeforeTest setup -->
  <testcase classname="tests.BaseClass" name="@BeforeTest setup" time="0.0">
    <ignored/>
  </testcase> <!-- @BeforeTest setup -->
</testsuite> <!-- SampleTEstName2 -->
